
taha@HP-Probook:~/Documents/Projects/Aeroscraper/aeroscraper-contracts$ anchor build
   Compiling aerospacer-oracle v0.1.0 (/home/taha/Documents/Projects/Aeroscraper/aeroscraper-contracts/programs/aerospacer-oracle)
warning: use of deprecated method `anchor_lang::prelude::AccountInfo::<'a>::realloc`: Use AccountInfo::resize() instead
  --> programs/aerospacer-oracle/src/lib.rs:21:1
   |
21 | #[program]
   | ^^^^^^^^^^
   |
   = note: `#[warn(deprecated)]` on by default
   = note: this warning originates in the attribute macro `program` (in Nightly builds, run with -Z macro-backtrace for more info)

warning: unused variable: `clock`
  --> programs/aerospacer-oracle/src/instructions/get_price.rs:29:9
   |
29 |     let clock = &ctx.accounts.clock;
   |         ^^^^^ help: if this is intentional, prefix it with an underscore: `_clock`
   |
   = note: `#[warn(unused_variables)]` on by default

warning: unused variable: `clock`
  --> programs/aerospacer-oracle/src/instructions/get_all_prices.rs:26:9
   |
26 |     let clock = &ctx.accounts.clock;
   |         ^^^^^ help: if this is intentional, prefix it with an underscore: `_clock`

warning: unused variable: `collateral_data`
  --> programs/aerospacer-oracle/src/instructions/update_pyth_price.rs:38:9
   |
38 |     let collateral_data = state.collateral_data
   |         ^^^^^^^^^^^^^^^ help: if this is intentional, prefix it with an underscore: `_collateral_data`

warning: `aerospacer-oracle` (lib) generated 4 warnings
    Finished `release` profile [optimized] target(s) in 2.47s
    Finished `test` profile [unoptimized + debuginfo] target(s) in 0.13s
     Running unittests src/lib.rs (/home/taha/Documents/Projects/Aeroscraper/aeroscraper-contracts/target/debug/deps/aerospacer_oracle-229a9b501a96c94f)
   Compiling aerospacer-oracle v0.1.0 (/home/taha/Documents/Projects/Aeroscraper/aeroscraper-contracts/programs/aerospacer-oracle)
   Compiling aerospacer-fees v0.1.0 (/home/taha/Documents/Projects/Aeroscraper/aeroscraper-contracts/programs/aerospacer-fees)
warning: use of deprecated method `anchor_lang::prelude::AccountInfo::<'a>::realloc`: Use AccountInfo::resize() instead
  --> programs/aerospacer-fees/src/lib.rs:14:1
   |
14 | #[program]
   | ^^^^^^^^^^
   |
   = note: `#[warn(deprecated)]` on by default
   = note: this warning originates in the attribute macro `program` (in Nightly builds, run with -Z macro-backtrace for more info)

warning: use of deprecated method `anchor_lang::prelude::AccountInfo::<'a>::realloc`: Use AccountInfo::resize() instead
  --> programs/aerospacer-oracle/src/lib.rs:21:1
   |
21 | #[program]
   | ^^^^^^^^^^
   |
   = note: `#[warn(deprecated)]` on by default
   = note: this warning originates in the attribute macro `program` (in Nightly builds, run with -Z macro-backtrace for more info)

warning: unused variable: `clock`
  --> programs/aerospacer-oracle/src/instructions/get_price.rs:29:9
   |
29 |     let clock = &ctx.accounts.clock;
   |         ^^^^^ help: if this is intentional, prefix it with an underscore: `_clock`
   |
   = note: `#[warn(unused_variables)]` on by default

warning: unused variable: `clock`
  --> programs/aerospacer-oracle/src/instructions/get_all_prices.rs:26:9
   |
26 |     let clock = &ctx.accounts.clock;
   |         ^^^^^ help: if this is intentional, prefix it with an underscore: `_clock`

warning: unused variable: `collateral_data`
  --> programs/aerospacer-oracle/src/instructions/update_pyth_price.rs:38:9
   |
38 |     let collateral_data = state.collateral_data
   |         ^^^^^^^^^^^^^^^ help: if this is intentional, prefix it with an underscore: `_collateral_data`

warning: `aerospacer-fees` (lib) generated 1 warning
warning: `aerospacer-oracle` (lib) generated 4 warnings
   Compiling aerospacer-protocol v0.1.0 (/home/taha/Documents/Projects/Aeroscraper/aeroscraper-contracts/programs/aerospacer-protocol)
error[E0609]: no field `stable_coin_code_id` on type `&mut anchor_lang::prelude::Account<'_, state::StateAccount>`
  --> programs/aerospacer-protocol/src/instructions/initialize.rs:42:11
   |
42 |     state.stable_coin_code_id = params.stable_coin_code_id;
   |           ^^^^^^^^^^^^^^^^^^^ unknown field
   |
help: a field with a similar name exists
   |
42 |     state.stable_coin_addr = params.stable_coin_code_id;
   |           ~~~~~~~~~~~~~~~~

error[E0308]: mismatched types
   --> programs/aerospacer-protocol/src/instructions/remove_collateral.rs:228:27
    |
228 |         result.new_icr >= ctx.accounts.state.minimum_collateral_ratio,
    |         --------------    ^^^^^^^^^^^^^^^^^^^^^^^^^^^^^^^^^^^^^^^^^^^ expected `u64`, found `u8`
    |         |
    |         expected because this is `u64`
    |
help: you can convert a `u8` to a `u64`
    |
228 |         result.new_icr >= ctx.accounts.state.minimum_collateral_ratio.into(),
    |                                                                      +++++++

error[E0599]: no variant or associated item named `InvalidAddress` found for enum `error::AerospacerProtocolError` in the current scope
  --> programs/aerospacer-protocol/src/instructions/update_protocol_addresses.rs:33:38
   |
33 |             AerospacerProtocolError::InvalidAddress
   |                                      ^^^^^^^^^^^^^^ variant or associated item not found in `AerospacerProtocolError`
   |
  ::: programs/aerospacer-protocol/src/error/mod.rs:5:1
   |
5  | pub enum AerospacerProtocolError {
   | -------------------------------- variant or associated item `InvalidAddress` not found for this enum

error[E0599]: no variant or associated item named `InvalidAddress` found for enum `error::AerospacerProtocolError` in the current scope
  --> programs/aerospacer-protocol/src/instructions/update_protocol_addresses.rs:39:38
   |
39 |             AerospacerProtocolError::InvalidAddress
   |                                      ^^^^^^^^^^^^^^ variant or associated item not found in `AerospacerProtocolError`
   |
  ::: programs/aerospacer-protocol/src/error/mod.rs:5:1
   |
5  | pub enum AerospacerProtocolError {
   | -------------------------------- variant or associated item `InvalidAddress` not found for this enum

error[E0599]: no variant or associated item named `InvalidAddress` found for enum `error::AerospacerProtocolError` in the current scope
  --> programs/aerospacer-protocol/src/instructions/update_protocol_addresses.rs:48:38
   |
48 |             AerospacerProtocolError::InvalidAddress
   |                                      ^^^^^^^^^^^^^^ variant or associated item not found in `AerospacerProtocolError`
   |
  ::: programs/aerospacer-protocol/src/error/mod.rs:5:1
   |
5  | pub enum AerospacerProtocolError {
   | -------------------------------- variant or associated item `InvalidAddress` not found for this enum

error[E0599]: no variant or associated item named `InvalidAddress` found for enum `error::AerospacerProtocolError` in the current scope
  --> programs/aerospacer-protocol/src/instructions/update_protocol_addresses.rs:54:38
   |
54 |             AerospacerProtocolError::InvalidAddress
   |                                      ^^^^^^^^^^^^^^ variant or associated item not found in `AerospacerProtocolError`
   |
  ::: programs/aerospacer-protocol/src/error/mod.rs:5:1
   |
5  | pub enum AerospacerProtocolError {
   | -------------------------------- variant or associated item `InvalidAddress` not found for this enum

error[E0599]: no variant or associated item named `InvalidAddress` found for enum `error::AerospacerProtocolError` in the current scope
  --> programs/aerospacer-protocol/src/instructions/update_protocol_addresses.rs:63:38
   |
63 |             AerospacerProtocolError::InvalidAddress
   |                                      ^^^^^^^^^^^^^^ variant or associated item not found in `AerospacerProtocolError`
   |
  ::: programs/aerospacer-protocol/src/error/mod.rs:5:1
   |
5  | pub enum AerospacerProtocolError {
   | -------------------------------- variant or associated item `InvalidAddress` not found for this enum

error[E0599]: no variant or associated item named `InvalidAddress` found for enum `error::AerospacerProtocolError` in the current scope
  --> programs/aerospacer-protocol/src/instructions/update_protocol_addresses.rs:69:38
   |
69 |             AerospacerProtocolError::InvalidAddress
   |                                      ^^^^^^^^^^^^^^ variant or associated item not found in `AerospacerProtocolError`
   |
  ::: programs/aerospacer-protocol/src/error/mod.rs:5:1
   |
5  | pub enum AerospacerProtocolError {
   | -------------------------------- variant or associated item `InvalidAddress` not found for this enum

error[E0599]: no variant or associated item named `InvalidAddress` found for enum `error::AerospacerProtocolError` in the current scope
  --> programs/aerospacer-protocol/src/instructions/update_protocol_addresses.rs:78:38
   |
78 |             AerospacerProtocolError::InvalidAddress
   |                                      ^^^^^^^^^^^^^^ variant or associated item not found in `AerospacerProtocolError`
   |
  ::: programs/aerospacer-protocol/src/error/mod.rs:5:1
   |
5  | pub enum AerospacerProtocolError {
   | -------------------------------- variant or associated item `InvalidAddress` not found for this enum

error[E0599]: no variant or associated item named `InvalidAddress` found for enum `error::AerospacerProtocolError` in the current scope
  --> programs/aerospacer-protocol/src/instructions/update_protocol_addresses.rs:84:38
   |
84 |             AerospacerProtocolError::InvalidAddress
   |                                      ^^^^^^^^^^^^^^ variant or associated item not found in `AerospacerProtocolError`
   |
  ::: programs/aerospacer-protocol/src/error/mod.rs:5:1
   |
5  | pub enum AerospacerProtocolError {
   | -------------------------------- variant or associated item `InvalidAddress` not found for this enum

warning: use of deprecated method `anchor_lang::prelude::AccountInfo::<'a>::realloc`: Use AccountInfo::resize() instead
  --> programs/aerospacer-protocol/src/lib.rs:26:1
   |
26 | #[program]
   | ^^^^^^^^^^
   |
   = note: `#[warn(deprecated)]` on by default
   = note: this warning originates in the attribute macro `program` (in Nightly builds, run with -Z macro-backtrace for more info)

warning: variable does not need to be mutable
  --> programs/aerospacer-protocol/src/instructions/close_trove.rs:97:9
   |
97 |     let mut total_collateral_data = ctx.accounts.total_collateral_amount.try_borrow_mut_data()?;
   |         ----^^^^^^^^^^^^^^^^^^^^^
   |         |
   |         help: remove this `mut`
   |
   = note: `#[warn(unused_mut)]` on by default

warning: variable does not need to be mutable
   --> programs/aerospacer-protocol/src/instructions/redeem.rs:280:13
    |
280 |         let mut debt_data = debt_account.try_borrow_mut_data()?;
    |             ----^^^^^^^^^
    |             |
    |             help: remove this `mut`

warning: variable does not need to be mutable
   --> programs/aerospacer-protocol/src/instructions/redeem.rs:285:13
    |
285 |         let mut collateral_data = collateral_account.try_borrow_mut_data()?;
    |             ----^^^^^^^^^^^^^^^
    |             |
    |             help: remove this `mut`

Some errors have detailed explanations: E0308, E0599, E0609.
For more information about an error, try `rustc --explain E0308`.
warning: `aerospacer-protocol` (lib) generated 4 warnings
error: could not compile `aerospacer-protocol` (lib) due to 10 previous errors; 4 warnings emitted
taha@HP-Probook:~/Documents/Projects/Aeroscraper/aeroscraper-contracts$ 